f:\open_codec_learn_2021\kvazaar-master\build\kvazaar_cli\x64-debug\vc142.pdb
f:\open_codec_learn_2021\kvazaar-master\build\kvazaar_cli\x64-debug\vc142.idb
f:\open_codec_learn_2021\kvazaar-master\build\kvazaar_cli\x64-debug\yuv_io.obj
f:\open_codec_learn_2021\kvazaar-master\build\kvazaar_cli\x64-debug\yuv_io.asm
f:\open_codec_learn_2021\kvazaar-master\build\kvazaar_cli\x64-debug\encmain.obj
f:\open_codec_learn_2021\kvazaar-master\build\kvazaar_cli\x64-debug\encmain.asm
f:\open_codec_learn_2021\kvazaar-master\build\kvazaar_cli\x64-debug\cli.obj
f:\open_codec_learn_2021\kvazaar-master\build\kvazaar_cli\x64-debug\cli.asm
c:\users\84038\desktop\video_codec_thread_test\build\kvazaar_cli\x64-debug\vc142.pdb
c:\users\84038\desktop\video_codec_thread_test\build\kvazaar_cli\x64-debug\vc142.idb
c:\users\84038\desktop\video_codec_thread_test\build\kvazaar_cli\x64-debug\yuv_io.obj
c:\users\84038\desktop\video_codec_thread_test\build\kvazaar_cli\x64-debug\yuv_io.asm
c:\users\84038\desktop\video_codec_thread_test\build\kvazaar_cli\x64-debug\cli.obj
c:\users\84038\desktop\video_codec_thread_test\build\kvazaar_cli\x64-debug\cli.asm
f:\open_codec_learn_2021\kvazaar-master\bin\x64-debug\kvazaar.exe
f:\open_codec_learn_2021\kvazaar-master\bin\x64-debug\kvazaar.ilk
f:\open_codec_learn_2021\kvazaar-master\bin\x64-debug\kvazaar.pdb
c:\users\84038\desktop\video_codec_thread_test\bin\x64-debug\kvazaar.exe
c:\users\84038\desktop\video_codec_thread_test\bin\x64-debug\kvazaar.ilk
c:\users\84038\desktop\video_codec_thread_test\bin\x64-debug\kvazaar.pdb
c:\users\84038\desktop\video_codec_thread_test\build\..\bin\x64-debug\kvazaar.pdb
c:\users\84038\desktop\video_codec_thread_test\build\..\bin\x64-debug\kvazaar.exe
c:\users\84038\desktop\video_codec_thread_test\build\..\bin\x64-debug\kvazaar.ilk
c:\users\84038\desktop\video_codec_thread_test\build\kvazaar_cli\x64-debug\kvazaar_cli.tlog\cl.command.1.tlog
c:\users\84038\desktop\video_codec_thread_test\build\kvazaar_cli\x64-debug\kvazaar_cli.tlog\cl.read.1.tlog
c:\users\84038\desktop\video_codec_thread_test\build\kvazaar_cli\x64-debug\kvazaar_cli.tlog\cl.write.1.tlog
c:\users\84038\desktop\video_codec_thread_test\build\kvazaar_cli\x64-debug\kvazaar_cli.tlog\link.command.1.tlog
c:\users\84038\desktop\video_codec_thread_test\build\kvazaar_cli\x64-debug\kvazaar_cli.tlog\link.read.1.tlog
c:\users\84038\desktop\video_codec_thread_test\build\kvazaar_cli\x64-debug\kvazaar_cli.tlog\link.write.1.tlog
