  cli.c
  encmain.c
F:\open_codec_learn_2021\kvazaar-master\src\fast_coeff_cost.h(50,1): warning C4305: “初始化”: 从“double”到“const float”截断
F:\open_codec_learn_2021\kvazaar-master\src\fast_coeff_cost.h(51,1): warning C4305: “初始化”: 从“double”到“const float”截断
F:\open_codec_learn_2021\kvazaar-master\src\fast_coeff_cost.h(52,1): warning C4305: “初始化”: 从“double”到“const float”截断
F:\open_codec_learn_2021\kvazaar-master\src\fast_coeff_cost.h(53,1): warning C4305: “初始化”: 从“double”到“const float”截断
F:\open_codec_learn_2021\kvazaar-master\src\fast_coeff_cost.h(54,1): warning C4305: “初始化”: 从“double”到“const float”截断
F:\open_codec_learn_2021\kvazaar-master\src\fast_coeff_cost.h(55,1): warning C4305: “初始化”: 从“double”到“const float”截断
F:\open_codec_learn_2021\kvazaar-master\src\fast_coeff_cost.h(56,1): warning C4305: “初始化”: 从“double”到“const float”截断
F:\open_codec_learn_2021\kvazaar-master\src\fast_coeff_cost.h(57,1): warning C4305: “初始化”: 从“double”到“const float”截断
F:\open_codec_learn_2021\kvazaar-master\src\fast_coeff_cost.h(58,1): warning C4305: “初始化”: 从“double”到“const float”截断
F:\open_codec_learn_2021\kvazaar-master\src\fast_coeff_cost.h(59,1): warning C4305: “初始化”: 从“double”到“const float”截断
F:\open_codec_learn_2021\kvazaar-master\src\fast_coeff_cost.h(61,1): warning C4305: “初始化”: 从“double”到“const float”截断
F:\open_codec_learn_2021\kvazaar-master\src\fast_coeff_cost.h(62,1): warning C4305: “初始化”: 从“double”到“const float”截断
F:\open_codec_learn_2021\kvazaar-master\src\fast_coeff_cost.h(63,1): warning C4305: “初始化”: 从“double”到“const float”截断
F:\open_codec_learn_2021\kvazaar-master\src\fast_coeff_cost.h(64,1): warning C4305: “初始化”: 从“double”到“const float”截断
F:\open_codec_learn_2021\kvazaar-master\src\fast_coeff_cost.h(65,1): warning C4305: “初始化”: 从“double”到“const float”截断
F:\open_codec_learn_2021\kvazaar-master\src\fast_coeff_cost.h(66,1): warning C4305: “初始化”: 从“double”到“const float”截断
F:\open_codec_learn_2021\kvazaar-master\src\fast_coeff_cost.h(67,1): warning C4305: “初始化”: 从“double”到“const float”截断
F:\open_codec_learn_2021\kvazaar-master\src\fast_coeff_cost.h(68,1): warning C4305: “初始化”: 从“double”到“const float”截断
F:\open_codec_learn_2021\kvazaar-master\src\fast_coeff_cost.h(69,1): warning C4305: “初始化”: 从“double”到“const float”截断
F:\open_codec_learn_2021\kvazaar-master\src\fast_coeff_cost.h(70,1): warning C4305: “初始化”: 从“double”到“const float”截断
F:\open_codec_learn_2021\kvazaar-master\src\fast_coeff_cost.h(71,1): warning C4305: “初始化”: 从“double”到“const float”截断
F:\open_codec_learn_2021\kvazaar-master\src\fast_coeff_cost.h(72,1): warning C4305: “初始化”: 从“double”到“const float”截断
F:\open_codec_learn_2021\kvazaar-master\src\fast_coeff_cost.h(73,1): warning C4305: “初始化”: 从“double”到“const float”截断
F:\open_codec_learn_2021\kvazaar-master\src\fast_coeff_cost.h(74,1): warning C4305: “初始化”: 从“double”到“const float”截断
F:\open_codec_learn_2021\kvazaar-master\src\fast_coeff_cost.h(75,1): warning C4305: “初始化”: 从“double”到“const float”截断
F:\open_codec_learn_2021\kvazaar-master\src\fast_coeff_cost.h(76,1): warning C4305: “初始化”: 从“double”到“const float”截断
F:\open_codec_learn_2021\kvazaar-master\src\fast_coeff_cost.h(77,1): warning C4305: “初始化”: 从“double”到“const float”截断
F:\open_codec_learn_2021\kvazaar-master\src\fast_coeff_cost.h(78,1): warning C4305: “初始化”: 从“double”到“const float”截断
F:\open_codec_learn_2021\kvazaar-master\src\fast_coeff_cost.h(79,1): warning C4305: “初始化”: 从“double”到“const float”截断
F:\open_codec_learn_2021\kvazaar-master\src\fast_coeff_cost.h(80,1): warning C4305: “初始化”: 从“double”到“const float”截断
F:\open_codec_learn_2021\kvazaar-master\src\fast_coeff_cost.h(81,1): warning C4305: “初始化”: 从“double”到“const float”截断
F:\open_codec_learn_2021\kvazaar-master\src\fast_coeff_cost.h(82,1): warning C4305: “初始化”: 从“double”到“const float”截断
F:\open_codec_learn_2021\kvazaar-master\src\fast_coeff_cost.h(83,1): warning C4305: “初始化”: 从“double”到“const float”截断
F:\open_codec_learn_2021\kvazaar-master\src\fast_coeff_cost.h(84,1): warning C4305: “初始化”: 从“double”到“const float”截断
F:\open_codec_learn_2021\kvazaar-master\src\fast_coeff_cost.h(85,1): warning C4305: “初始化”: 从“double”到“const float”截断
F:\open_codec_learn_2021\kvazaar-master\src\fast_coeff_cost.h(86,1): warning C4305: “初始化”: 从“double”到“const float”截断
F:\open_codec_learn_2021\kvazaar-master\src\fast_coeff_cost.h(87,1): warning C4305: “初始化”: 从“double”到“const float”截断
F:\open_codec_learn_2021\kvazaar-master\src\fast_coeff_cost.h(88,1): warning C4305: “初始化”: 从“double”到“const float”截断
F:\open_codec_learn_2021\kvazaar-master\src\fast_coeff_cost.h(89,1): warning C4305: “初始化”: 从“double”到“const float”截断
F:\open_codec_learn_2021\kvazaar-master\src\fast_coeff_cost.h(90,1): warning C4305: “初始化”: 从“double”到“const float”截断
F:\open_codec_learn_2021\kvazaar-master\src\fast_coeff_cost.h(91,1): warning C4305: “初始化”: 从“double”到“const float”截断
F:\open_codec_learn_2021\kvazaar-master\src\fast_coeff_cost.h(92,1): warning C4305: “初始化”: 从“double”到“const float”截断
F:\open_codec_learn_2021\kvazaar-master\src\fast_coeff_cost.h(93,1): warning C4305: “初始化”: 从“double”到“const float”截断
F:\open_codec_learn_2021\kvazaar-master\src\fast_coeff_cost.h(94,1): warning C4305: “初始化”: 从“double”到“const float”截断
F:\open_codec_learn_2021\kvazaar-master\src\fast_coeff_cost.h(95,1): warning C4305: “初始化”: 从“double”到“const float”截断
F:\open_codec_learn_2021\kvazaar-master\src\fast_coeff_cost.h(96,1): warning C4305: “初始化”: 从“double”到“const float”截断
F:\open_codec_learn_2021\kvazaar-master\src\fast_coeff_cost.h(97,1): warning C4305: “初始化”: 从“double”到“const float”截断
F:\open_codec_learn_2021\kvazaar-master\src\fast_coeff_cost.h(98,1): warning C4305: “初始化”: 从“double”到“const float”截断
F:\open_codec_learn_2021\kvazaar-master\src\fast_coeff_cost.h(99,1): warning C4305: “初始化”: 从“double”到“const float”截断
F:\open_codec_learn_2021\kvazaar-master\src\fast_coeff_cost.h(101,1): warning C4305: “初始化”: 从“double”到“const float”截断
  yuv_io.c
  正在生成代码...
  kvazaar_cli.vcxproj -> F:\open_codec_learn_2021\kvazaar-master\build\..\bin\Win32-Debug\kvazaar.exe
