f:\open_codec_learn_2021\kvazaar-master\build\kvazaar_lib\x64-debug\kvazaar_lib.pdb
f:\open_codec_learn_2021\kvazaar-master\build\kvazaar_lib\x64-debug\kvazaar_lib.idb
f:\open_codec_learn_2021\kvazaar-master\build\kvazaar_lib\x64-debug\imagelist.obj
f:\open_codec_learn_2021\kvazaar-master\build\kvazaar_lib\x64-debug\imagelist.asm
f:\open_codec_learn_2021\kvazaar-master\build\kvazaar_lib\x64-debug\image.obj
f:\open_codec_learn_2021\kvazaar-master\build\kvazaar_lib\x64-debug\image.asm
f:\open_codec_learn_2021\kvazaar-master\build\kvazaar_lib\x64-debug\filter.obj
f:\open_codec_learn_2021\kvazaar-master\build\kvazaar_lib\x64-debug\filter.asm
f:\open_codec_learn_2021\kvazaar-master\build\kvazaar_lib\x64-debug\getopt.obj
f:\open_codec_learn_2021\kvazaar-master\build\kvazaar_lib\x64-debug\getopt.asm
f:\open_codec_learn_2021\kvazaar-master\build\kvazaar_lib\x64-debug\encode_coding_tree.obj
f:\open_codec_learn_2021\kvazaar-master\build\kvazaar_lib\x64-debug\encode_coding_tree.asm
f:\open_codec_learn_2021\kvazaar-master\build\kvazaar_lib\x64-debug\encoder_state-geometry.obj
f:\open_codec_learn_2021\kvazaar-master\build\kvazaar_lib\x64-debug\encoder_state-geometry.asm
f:\open_codec_learn_2021\kvazaar-master\build\kvazaar_lib\x64-debug\encoder_state-ctors_dtors.obj
f:\open_codec_learn_2021\kvazaar-master\build\kvazaar_lib\x64-debug\encoder_state-ctors_dtors.asm
f:\open_codec_learn_2021\kvazaar-master\build\kvazaar_lib\x64-debug\encoder_state-bitstream.obj
f:\open_codec_learn_2021\kvazaar-master\build\kvazaar_lib\x64-debug\encoder_state-bitstream.asm
f:\open_codec_learn_2021\kvazaar-master\build\kvazaar_lib\x64-debug\encoderstate.obj
f:\open_codec_learn_2021\kvazaar-master\build\kvazaar_lib\x64-debug\encoderstate.asm
f:\open_codec_learn_2021\kvazaar-master\build\kvazaar_lib\x64-debug\encoder.obj
f:\open_codec_learn_2021\kvazaar-master\build\kvazaar_lib\x64-debug\encoder.asm
f:\open_codec_learn_2021\kvazaar-master\build\kvazaar_lib\x64-debug\cu.obj
f:\open_codec_learn_2021\kvazaar-master\build\kvazaar_lib\x64-debug\cu.asm
f:\open_codec_learn_2021\kvazaar-master\build\kvazaar_lib\x64-debug\context.obj
f:\open_codec_learn_2021\kvazaar-master\build\kvazaar_lib\x64-debug\context.asm
f:\open_codec_learn_2021\kvazaar-master\build\kvazaar_lib\x64-debug\cfg.obj
f:\open_codec_learn_2021\kvazaar-master\build\kvazaar_lib\x64-debug\cfg.asm
f:\open_codec_learn_2021\kvazaar-master\build\kvazaar_lib\x64-debug\cabac.obj
f:\open_codec_learn_2021\kvazaar-master\build\kvazaar_lib\x64-debug\cabac.asm
f:\open_codec_learn_2021\kvazaar-master\build\kvazaar_lib\x64-debug\bitstream.obj
f:\open_codec_learn_2021\kvazaar-master\build\kvazaar_lib\x64-debug\bitstream.asm
f:\open_codec_learn_2021\kvazaar-master\build\kvazaar_lib\x64-debug\kvazaar.obj
f:\open_codec_learn_2021\kvazaar-master\build\kvazaar_lib\x64-debug\kvazaar.asm
f:\open_codec_learn_2021\kvazaar-master\build\kvazaar_lib\x64-debug\input_frame_buffer.obj
f:\open_codec_learn_2021\kvazaar-master\build\kvazaar_lib\x64-debug\input_frame_buffer.asm
f:\open_codec_learn_2021\kvazaar-master\build\kvazaar_lib\x64-debug\libmd5.obj
f:\open_codec_learn_2021\kvazaar-master\build\kvazaar_lib\x64-debug\libmd5.asm
f:\open_codec_learn_2021\kvazaar-master\build\kvazaar_lib\x64-debug\crypto.obj
f:\open_codec_learn_2021\kvazaar-master\build\kvazaar_lib\x64-debug\crypto.asm
f:\open_codec_learn_2021\kvazaar-master\build\kvazaar_lib\x64-debug\constraint.obj
f:\open_codec_learn_2021\kvazaar-master\build\kvazaar_lib\x64-debug\constraint.asm
f:\open_codec_learn_2021\kvazaar-master\build\kvazaar_lib\x64-debug\picture-altivec.obj
f:\open_codec_learn_2021\kvazaar-master\build\kvazaar_lib\x64-debug\picture-altivec.asm
f:\open_codec_learn_2021\kvazaar-master\build\kvazaar_lib\x64-debug\strategies-quant.obj
f:\open_codec_learn_2021\kvazaar-master\build\kvazaar_lib\x64-debug\strategies-quant.asm
f:\open_codec_learn_2021\kvazaar-master\build\kvazaar_lib\x64-debug\strategies-intra.obj
f:\open_codec_learn_2021\kvazaar-master\build\kvazaar_lib\x64-debug\strategies-intra.asm
f:\open_codec_learn_2021\kvazaar-master\build\kvazaar_lib\x64-debug\strategies-encode.obj
f:\open_codec_learn_2021\kvazaar-master\build\kvazaar_lib\x64-debug\strategies-encode.asm
f:\open_codec_learn_2021\kvazaar-master\build\kvazaar_lib\x64-debug\sao-generic.obj
f:\open_codec_learn_2021\kvazaar-master\build\kvazaar_lib\x64-debug\sao-generic.asm
f:\open_codec_learn_2021\kvazaar-master\build\kvazaar_lib\x64-debug\quant-generic.obj
f:\open_codec_learn_2021\kvazaar-master\build\kvazaar_lib\x64-debug\quant-generic.asm
f:\open_codec_learn_2021\kvazaar-master\build\kvazaar_lib\x64-debug\intra-generic.obj
f:\open_codec_learn_2021\kvazaar-master\build\kvazaar_lib\x64-debug\intra-generic.asm
f:\open_codec_learn_2021\kvazaar-master\build\kvazaar_lib\x64-debug\encode_coding_tree-generic.obj
f:\open_codec_learn_2021\kvazaar-master\build\kvazaar_lib\x64-debug\encode_coding_tree-generic.asm
f:\open_codec_learn_2021\kvazaar-master\build\kvazaar_lib\x64-debug\search_intra.obj
f:\open_codec_learn_2021\kvazaar-master\build\kvazaar_lib\x64-debug\search_intra.asm
f:\open_codec_learn_2021\kvazaar-master\build\kvazaar_lib\x64-debug\search_inter.obj
f:\open_codec_learn_2021\kvazaar-master\build\kvazaar_lib\x64-debug\search_inter.asm
f:\open_codec_learn_2021\kvazaar-master\build\kvazaar_lib\x64-debug\search.obj
f:\open_codec_learn_2021\kvazaar-master\build\kvazaar_lib\x64-debug\search.asm
f:\open_codec_learn_2021\kvazaar-master\build\kvazaar_lib\x64-debug\scalinglist.obj
f:\open_codec_learn_2021\kvazaar-master\build\kvazaar_lib\x64-debug\scalinglist.asm
f:\open_codec_learn_2021\kvazaar-master\build\kvazaar_lib\x64-debug\sao.obj
f:\open_codec_learn_2021\kvazaar-master\build\kvazaar_lib\x64-debug\sao.asm
f:\open_codec_learn_2021\kvazaar-master\build\kvazaar_lib\x64-debug\fast_coeff_cost.obj
f:\open_codec_learn_2021\kvazaar-master\build\kvazaar_lib\x64-debug\fast_coeff_cost.asm
f:\open_codec_learn_2021\kvazaar-master\build\kvazaar_lib\x64-debug\rdo.obj
f:\open_codec_learn_2021\kvazaar-master\build\kvazaar_lib\x64-debug\rdo.asm
f:\open_codec_learn_2021\kvazaar-master\build\kvazaar_lib\x64-debug\rate_control.obj
f:\open_codec_learn_2021\kvazaar-master\build\kvazaar_lib\x64-debug\rate_control.asm
f:\open_codec_learn_2021\kvazaar-master\build\kvazaar_lib\x64-debug\nal.obj
f:\open_codec_learn_2021\kvazaar-master\build\kvazaar_lib\x64-debug\nal.asm
f:\open_codec_learn_2021\kvazaar-master\build\kvazaar_lib\x64-debug\ml_intra_cu_depth_pred.obj
f:\open_codec_learn_2021\kvazaar-master\build\kvazaar_lib\x64-debug\ml_intra_cu_depth_pred.asm
f:\open_codec_learn_2021\kvazaar-master\build\kvazaar_lib\x64-debug\intra.obj
f:\open_codec_learn_2021\kvazaar-master\build\kvazaar_lib\x64-debug\intra.asm
f:\open_codec_learn_2021\kvazaar-master\build\kvazaar_lib\x64-debug\inter.obj
f:\open_codec_learn_2021\kvazaar-master\build\kvazaar_lib\x64-debug\inter.asm
f:\open_codec_learn_2021\kvazaar-master\build\kvazaar_lib\x64-debug\transform.obj
f:\open_codec_learn_2021\kvazaar-master\build\kvazaar_lib\x64-debug\transform.asm
f:\open_codec_learn_2021\kvazaar-master\build\kvazaar_lib\x64-debug\threadqueue.obj
f:\open_codec_learn_2021\kvazaar-master\build\kvazaar_lib\x64-debug\threadqueue.asm
f:\open_codec_learn_2021\kvazaar-master\build\kvazaar_lib\x64-debug\tables.obj
f:\open_codec_learn_2021\kvazaar-master\build\kvazaar_lib\x64-debug\tables.asm
f:\open_codec_learn_2021\kvazaar-master\build\kvazaar_lib\x64-debug\strategyselector.obj
f:\open_codec_learn_2021\kvazaar-master\build\kvazaar_lib\x64-debug\strategyselector.asm
f:\open_codec_learn_2021\kvazaar-master\build\kvazaar_lib\x64-debug\videoframe.obj
f:\open_codec_learn_2021\kvazaar-master\build\kvazaar_lib\x64-debug\videoframe.asm
f:\open_codec_learn_2021\kvazaar-master\build\kvazaar_lib\x64-debug\picture-x86-asm.obj
f:\open_codec_learn_2021\kvazaar-master\build\kvazaar_lib\x64-debug\picture-x86-asm.asm
f:\open_codec_learn_2021\kvazaar-master\build\kvazaar_lib\x64-debug\strategies-sao.obj
f:\open_codec_learn_2021\kvazaar-master\build\kvazaar_lib\x64-debug\strategies-sao.asm
f:\open_codec_learn_2021\kvazaar-master\build\kvazaar_lib\x64-debug\strategies-picture.obj
f:\open_codec_learn_2021\kvazaar-master\build\kvazaar_lib\x64-debug\strategies-picture.asm
f:\open_codec_learn_2021\kvazaar-master\build\kvazaar_lib\x64-debug\strategies-nal.obj
f:\open_codec_learn_2021\kvazaar-master\build\kvazaar_lib\x64-debug\strategies-nal.asm
f:\open_codec_learn_2021\kvazaar-master\build\kvazaar_lib\x64-debug\strategies-ipol.obj
f:\open_codec_learn_2021\kvazaar-master\build\kvazaar_lib\x64-debug\strategies-ipol.asm
f:\open_codec_learn_2021\kvazaar-master\build\kvazaar_lib\x64-debug\strategies-dct.obj
f:\open_codec_learn_2021\kvazaar-master\build\kvazaar_lib\x64-debug\strategies-dct.asm
f:\open_codec_learn_2021\kvazaar-master\build\kvazaar_lib\x64-debug\picture-sse41.obj
f:\open_codec_learn_2021\kvazaar-master\build\kvazaar_lib\x64-debug\picture-sse41.asm
f:\open_codec_learn_2021\kvazaar-master\build\kvazaar_lib\x64-debug\picture-sse2.obj
f:\open_codec_learn_2021\kvazaar-master\build\kvazaar_lib\x64-debug\picture-sse2.asm
f:\open_codec_learn_2021\kvazaar-master\build\kvazaar_lib\x64-debug\picture-generic.obj
f:\open_codec_learn_2021\kvazaar-master\build\kvazaar_lib\x64-debug\picture-generic.asm
f:\open_codec_learn_2021\kvazaar-master\build\kvazaar_lib\x64-debug\nal-generic.obj
f:\open_codec_learn_2021\kvazaar-master\build\kvazaar_lib\x64-debug\nal-generic.asm
f:\open_codec_learn_2021\kvazaar-master\build\kvazaar_lib\x64-debug\ipol-generic.obj
f:\open_codec_learn_2021\kvazaar-master\build\kvazaar_lib\x64-debug\ipol-generic.asm
f:\open_codec_learn_2021\kvazaar-master\build\kvazaar_lib\x64-debug\dct-generic.obj
f:\open_codec_learn_2021\kvazaar-master\build\kvazaar_lib\x64-debug\dct-generic.asm
f:\open_codec_learn_2021\kvazaar-master\build\kvazaar_lib\x64-debug\picture-avx2.obj
f:\open_codec_learn_2021\kvazaar-master\build\kvazaar_lib\x64-debug\picture-avx2.asm
f:\open_codec_learn_2021\kvazaar-master\build\kvazaar_lib\x64-debug\ipol-avx2.obj
f:\open_codec_learn_2021\kvazaar-master\build\kvazaar_lib\x64-debug\ipol-avx2.asm
f:\open_codec_learn_2021\kvazaar-master\build\kvazaar_lib\x64-debug\dct-avx2.obj
f:\open_codec_learn_2021\kvazaar-master\build\kvazaar_lib\x64-debug\dct-avx2.asm
f:\open_codec_learn_2021\kvazaar-master\build\kvazaar_lib\x64-debug\sao-avx2.obj
f:\open_codec_learn_2021\kvazaar-master\build\kvazaar_lib\x64-debug\sao-avx2.asm
f:\open_codec_learn_2021\kvazaar-master\build\kvazaar_lib\x64-debug\quant-avx2.obj
f:\open_codec_learn_2021\kvazaar-master\build\kvazaar_lib\x64-debug\quant-avx2.asm
f:\open_codec_learn_2021\kvazaar-master\build\kvazaar_lib\x64-debug\intra-avx2.obj
f:\open_codec_learn_2021\kvazaar-master\build\kvazaar_lib\x64-debug\intra-avx2.asm
f:\open_codec_learn_2021\kvazaar-master\build\kvazaar_lib\x64-debug\encode_coding_tree-avx2.obj
f:\open_codec_learn_2021\kvazaar-master\build\kvazaar_lib\x64-debug\encode_coding_tree-avx2.asm
f:\open_codec_learn_2021\kvazaar-master\build\kvazaar_lib\x64-debug\semaphore.obj
f:\open_codec_learn_2021\kvazaar-master\build\kvazaar_lib\x64-debug\semaphore.asm
f:\open_codec_learn_2021\kvazaar-master\build\kvazaar_lib\x64-debug\pthread.obj
f:\open_codec_learn_2021\kvazaar-master\build\kvazaar_lib\x64-debug\pthread.asm
c:\users\84038\desktop\video_codec_thread_test\build\kvazaar_lib\x64-debug\kvazaar_lib.pdb
c:\users\84038\desktop\video_codec_thread_test\build\kvazaar_lib\x64-debug\kvazaar_lib.idb
c:\users\84038\desktop\video_codec_thread_test\build\kvazaar_lib\x64-debug\imagelist.obj
c:\users\84038\desktop\video_codec_thread_test\build\kvazaar_lib\x64-debug\imagelist.asm
c:\users\84038\desktop\video_codec_thread_test\build\kvazaar_lib\x64-debug\image.obj
c:\users\84038\desktop\video_codec_thread_test\build\kvazaar_lib\x64-debug\image.asm
c:\users\84038\desktop\video_codec_thread_test\build\kvazaar_lib\x64-debug\filter.obj
c:\users\84038\desktop\video_codec_thread_test\build\kvazaar_lib\x64-debug\filter.asm
c:\users\84038\desktop\video_codec_thread_test\build\kvazaar_lib\x64-debug\getopt.obj
c:\users\84038\desktop\video_codec_thread_test\build\kvazaar_lib\x64-debug\getopt.asm
c:\users\84038\desktop\video_codec_thread_test\build\kvazaar_lib\x64-debug\encode_coding_tree.obj
c:\users\84038\desktop\video_codec_thread_test\build\kvazaar_lib\x64-debug\encode_coding_tree.asm
c:\users\84038\desktop\video_codec_thread_test\build\kvazaar_lib\x64-debug\encoder_state-geometry.obj
c:\users\84038\desktop\video_codec_thread_test\build\kvazaar_lib\x64-debug\encoder_state-geometry.asm
c:\users\84038\desktop\video_codec_thread_test\build\kvazaar_lib\x64-debug\encoder_state-ctors_dtors.obj
c:\users\84038\desktop\video_codec_thread_test\build\kvazaar_lib\x64-debug\encoder_state-ctors_dtors.asm
c:\users\84038\desktop\video_codec_thread_test\build\kvazaar_lib\x64-debug\encoder_state-bitstream.obj
c:\users\84038\desktop\video_codec_thread_test\build\kvazaar_lib\x64-debug\encoder_state-bitstream.asm
c:\users\84038\desktop\video_codec_thread_test\build\kvazaar_lib\x64-debug\encoderstate.obj
c:\users\84038\desktop\video_codec_thread_test\build\kvazaar_lib\x64-debug\encoderstate.asm
c:\users\84038\desktop\video_codec_thread_test\build\kvazaar_lib\x64-debug\encoder.obj
c:\users\84038\desktop\video_codec_thread_test\build\kvazaar_lib\x64-debug\encoder.asm
c:\users\84038\desktop\video_codec_thread_test\build\kvazaar_lib\x64-debug\cu.obj
c:\users\84038\desktop\video_codec_thread_test\build\kvazaar_lib\x64-debug\cu.asm
c:\users\84038\desktop\video_codec_thread_test\build\kvazaar_lib\x64-debug\context.obj
c:\users\84038\desktop\video_codec_thread_test\build\kvazaar_lib\x64-debug\context.asm
c:\users\84038\desktop\video_codec_thread_test\build\kvazaar_lib\x64-debug\cfg.obj
c:\users\84038\desktop\video_codec_thread_test\build\kvazaar_lib\x64-debug\cfg.asm
c:\users\84038\desktop\video_codec_thread_test\build\kvazaar_lib\x64-debug\cabac.obj
c:\users\84038\desktop\video_codec_thread_test\build\kvazaar_lib\x64-debug\cabac.asm
c:\users\84038\desktop\video_codec_thread_test\build\kvazaar_lib\x64-debug\bitstream.obj
c:\users\84038\desktop\video_codec_thread_test\build\kvazaar_lib\x64-debug\bitstream.asm
c:\users\84038\desktop\video_codec_thread_test\build\kvazaar_lib\x64-debug\kvazaar.obj
c:\users\84038\desktop\video_codec_thread_test\build\kvazaar_lib\x64-debug\kvazaar.asm
c:\users\84038\desktop\video_codec_thread_test\build\kvazaar_lib\x64-debug\input_frame_buffer.obj
c:\users\84038\desktop\video_codec_thread_test\build\kvazaar_lib\x64-debug\input_frame_buffer.asm
c:\users\84038\desktop\video_codec_thread_test\build\kvazaar_lib\x64-debug\libmd5.obj
c:\users\84038\desktop\video_codec_thread_test\build\kvazaar_lib\x64-debug\libmd5.asm
c:\users\84038\desktop\video_codec_thread_test\build\kvazaar_lib\x64-debug\crypto.obj
c:\users\84038\desktop\video_codec_thread_test\build\kvazaar_lib\x64-debug\crypto.asm
c:\users\84038\desktop\video_codec_thread_test\build\kvazaar_lib\x64-debug\constraint.obj
c:\users\84038\desktop\video_codec_thread_test\build\kvazaar_lib\x64-debug\constraint.asm
c:\users\84038\desktop\video_codec_thread_test\build\kvazaar_lib\x64-debug\picture-altivec.obj
c:\users\84038\desktop\video_codec_thread_test\build\kvazaar_lib\x64-debug\picture-altivec.asm
c:\users\84038\desktop\video_codec_thread_test\build\kvazaar_lib\x64-debug\strategies-quant.obj
c:\users\84038\desktop\video_codec_thread_test\build\kvazaar_lib\x64-debug\strategies-quant.asm
c:\users\84038\desktop\video_codec_thread_test\build\kvazaar_lib\x64-debug\strategies-intra.obj
c:\users\84038\desktop\video_codec_thread_test\build\kvazaar_lib\x64-debug\strategies-intra.asm
c:\users\84038\desktop\video_codec_thread_test\build\kvazaar_lib\x64-debug\strategies-encode.obj
c:\users\84038\desktop\video_codec_thread_test\build\kvazaar_lib\x64-debug\strategies-encode.asm
c:\users\84038\desktop\video_codec_thread_test\build\kvazaar_lib\x64-debug\sao-generic.obj
c:\users\84038\desktop\video_codec_thread_test\build\kvazaar_lib\x64-debug\sao-generic.asm
c:\users\84038\desktop\video_codec_thread_test\build\kvazaar_lib\x64-debug\quant-generic.obj
c:\users\84038\desktop\video_codec_thread_test\build\kvazaar_lib\x64-debug\quant-generic.asm
c:\users\84038\desktop\video_codec_thread_test\build\kvazaar_lib\x64-debug\intra-generic.obj
c:\users\84038\desktop\video_codec_thread_test\build\kvazaar_lib\x64-debug\intra-generic.asm
c:\users\84038\desktop\video_codec_thread_test\build\kvazaar_lib\x64-debug\encode_coding_tree-generic.obj
c:\users\84038\desktop\video_codec_thread_test\build\kvazaar_lib\x64-debug\encode_coding_tree-generic.asm
c:\users\84038\desktop\video_codec_thread_test\build\kvazaar_lib\x64-debug\search_intra.obj
c:\users\84038\desktop\video_codec_thread_test\build\kvazaar_lib\x64-debug\search_intra.asm
c:\users\84038\desktop\video_codec_thread_test\build\kvazaar_lib\x64-debug\search_inter.obj
c:\users\84038\desktop\video_codec_thread_test\build\kvazaar_lib\x64-debug\search_inter.asm
c:\users\84038\desktop\video_codec_thread_test\build\kvazaar_lib\x64-debug\search.obj
c:\users\84038\desktop\video_codec_thread_test\build\kvazaar_lib\x64-debug\search.asm
c:\users\84038\desktop\video_codec_thread_test\build\kvazaar_lib\x64-debug\scalinglist.obj
c:\users\84038\desktop\video_codec_thread_test\build\kvazaar_lib\x64-debug\scalinglist.asm
c:\users\84038\desktop\video_codec_thread_test\build\kvazaar_lib\x64-debug\sao.obj
c:\users\84038\desktop\video_codec_thread_test\build\kvazaar_lib\x64-debug\sao.asm
c:\users\84038\desktop\video_codec_thread_test\build\kvazaar_lib\x64-debug\fast_coeff_cost.obj
c:\users\84038\desktop\video_codec_thread_test\build\kvazaar_lib\x64-debug\fast_coeff_cost.asm
c:\users\84038\desktop\video_codec_thread_test\build\kvazaar_lib\x64-debug\rdo.obj
c:\users\84038\desktop\video_codec_thread_test\build\kvazaar_lib\x64-debug\rdo.asm
c:\users\84038\desktop\video_codec_thread_test\build\kvazaar_lib\x64-debug\rate_control.obj
c:\users\84038\desktop\video_codec_thread_test\build\kvazaar_lib\x64-debug\rate_control.asm
c:\users\84038\desktop\video_codec_thread_test\build\kvazaar_lib\x64-debug\nal.obj
c:\users\84038\desktop\video_codec_thread_test\build\kvazaar_lib\x64-debug\nal.asm
c:\users\84038\desktop\video_codec_thread_test\build\kvazaar_lib\x64-debug\ml_intra_cu_depth_pred.obj
c:\users\84038\desktop\video_codec_thread_test\build\kvazaar_lib\x64-debug\ml_intra_cu_depth_pred.asm
c:\users\84038\desktop\video_codec_thread_test\build\kvazaar_lib\x64-debug\intra.obj
c:\users\84038\desktop\video_codec_thread_test\build\kvazaar_lib\x64-debug\intra.asm
c:\users\84038\desktop\video_codec_thread_test\build\kvazaar_lib\x64-debug\inter.obj
c:\users\84038\desktop\video_codec_thread_test\build\kvazaar_lib\x64-debug\inter.asm
c:\users\84038\desktop\video_codec_thread_test\build\kvazaar_lib\x64-debug\transform.obj
c:\users\84038\desktop\video_codec_thread_test\build\kvazaar_lib\x64-debug\transform.asm
c:\users\84038\desktop\video_codec_thread_test\build\kvazaar_lib\x64-debug\threadqueue.obj
c:\users\84038\desktop\video_codec_thread_test\build\kvazaar_lib\x64-debug\threadqueue.asm
c:\users\84038\desktop\video_codec_thread_test\build\kvazaar_lib\x64-debug\tables.obj
c:\users\84038\desktop\video_codec_thread_test\build\kvazaar_lib\x64-debug\tables.asm
c:\users\84038\desktop\video_codec_thread_test\build\kvazaar_lib\x64-debug\strategyselector.obj
c:\users\84038\desktop\video_codec_thread_test\build\kvazaar_lib\x64-debug\strategyselector.asm
c:\users\84038\desktop\video_codec_thread_test\build\kvazaar_lib\x64-debug\videoframe.obj
c:\users\84038\desktop\video_codec_thread_test\build\kvazaar_lib\x64-debug\videoframe.asm
c:\users\84038\desktop\video_codec_thread_test\build\kvazaar_lib\x64-debug\picture-x86-asm.obj
c:\users\84038\desktop\video_codec_thread_test\build\kvazaar_lib\x64-debug\picture-x86-asm.asm
c:\users\84038\desktop\video_codec_thread_test\build\kvazaar_lib\x64-debug\strategies-sao.obj
c:\users\84038\desktop\video_codec_thread_test\build\kvazaar_lib\x64-debug\strategies-sao.asm
c:\users\84038\desktop\video_codec_thread_test\build\kvazaar_lib\x64-debug\strategies-picture.obj
c:\users\84038\desktop\video_codec_thread_test\build\kvazaar_lib\x64-debug\strategies-picture.asm
c:\users\84038\desktop\video_codec_thread_test\build\kvazaar_lib\x64-debug\strategies-nal.obj
c:\users\84038\desktop\video_codec_thread_test\build\kvazaar_lib\x64-debug\strategies-nal.asm
c:\users\84038\desktop\video_codec_thread_test\build\kvazaar_lib\x64-debug\strategies-ipol.obj
c:\users\84038\desktop\video_codec_thread_test\build\kvazaar_lib\x64-debug\strategies-ipol.asm
c:\users\84038\desktop\video_codec_thread_test\build\kvazaar_lib\x64-debug\strategies-dct.obj
c:\users\84038\desktop\video_codec_thread_test\build\kvazaar_lib\x64-debug\strategies-dct.asm
c:\users\84038\desktop\video_codec_thread_test\build\kvazaar_lib\x64-debug\picture-sse41.obj
c:\users\84038\desktop\video_codec_thread_test\build\kvazaar_lib\x64-debug\picture-sse41.asm
c:\users\84038\desktop\video_codec_thread_test\build\kvazaar_lib\x64-debug\picture-sse2.obj
c:\users\84038\desktop\video_codec_thread_test\build\kvazaar_lib\x64-debug\picture-sse2.asm
c:\users\84038\desktop\video_codec_thread_test\build\kvazaar_lib\x64-debug\picture-generic.obj
c:\users\84038\desktop\video_codec_thread_test\build\kvazaar_lib\x64-debug\picture-generic.asm
c:\users\84038\desktop\video_codec_thread_test\build\kvazaar_lib\x64-debug\nal-generic.obj
c:\users\84038\desktop\video_codec_thread_test\build\kvazaar_lib\x64-debug\nal-generic.asm
c:\users\84038\desktop\video_codec_thread_test\build\kvazaar_lib\x64-debug\ipol-generic.obj
c:\users\84038\desktop\video_codec_thread_test\build\kvazaar_lib\x64-debug\ipol-generic.asm
c:\users\84038\desktop\video_codec_thread_test\build\kvazaar_lib\x64-debug\dct-generic.obj
c:\users\84038\desktop\video_codec_thread_test\build\kvazaar_lib\x64-debug\dct-generic.asm
c:\users\84038\desktop\video_codec_thread_test\build\kvazaar_lib\x64-debug\picture-avx2.obj
c:\users\84038\desktop\video_codec_thread_test\build\kvazaar_lib\x64-debug\picture-avx2.asm
c:\users\84038\desktop\video_codec_thread_test\build\kvazaar_lib\x64-debug\ipol-avx2.obj
c:\users\84038\desktop\video_codec_thread_test\build\kvazaar_lib\x64-debug\ipol-avx2.asm
c:\users\84038\desktop\video_codec_thread_test\build\kvazaar_lib\x64-debug\dct-avx2.obj
c:\users\84038\desktop\video_codec_thread_test\build\kvazaar_lib\x64-debug\dct-avx2.asm
c:\users\84038\desktop\video_codec_thread_test\build\kvazaar_lib\x64-debug\sao-avx2.obj
c:\users\84038\desktop\video_codec_thread_test\build\kvazaar_lib\x64-debug\sao-avx2.asm
c:\users\84038\desktop\video_codec_thread_test\build\kvazaar_lib\x64-debug\quant-avx2.obj
c:\users\84038\desktop\video_codec_thread_test\build\kvazaar_lib\x64-debug\quant-avx2.asm
c:\users\84038\desktop\video_codec_thread_test\build\kvazaar_lib\x64-debug\intra-avx2.obj
c:\users\84038\desktop\video_codec_thread_test\build\kvazaar_lib\x64-debug\intra-avx2.asm
c:\users\84038\desktop\video_codec_thread_test\build\kvazaar_lib\x64-debug\encode_coding_tree-avx2.obj
c:\users\84038\desktop\video_codec_thread_test\build\kvazaar_lib\x64-debug\encode_coding_tree-avx2.asm
c:\users\84038\desktop\video_codec_thread_test\build\kvazaar_lib\x64-debug\semaphore.obj
c:\users\84038\desktop\video_codec_thread_test\build\kvazaar_lib\x64-debug\semaphore.asm
c:\users\84038\desktop\video_codec_thread_test\build\kvazaar_lib\x64-debug\pthread.obj
c:\users\84038\desktop\video_codec_thread_test\build\kvazaar_lib\x64-debug\pthread.asm
f:\open_codec_learn_2021\kvazaar-master\build\x64-debug-libs\kvazaar_lib.lib
c:\users\84038\desktop\video_codec_thread_test\build\x64-debug-libs\kvazaar_lib.lib
c:\users\84038\desktop\video_codec_thread_test\build\kvazaar_lib\x64-debug\picture-x86-asm-sad.obj
c:\users\84038\desktop\video_codec_thread_test\build\kvazaar_lib\x64-debug\picture-x86-asm-satd.obj
c:\users\84038\desktop\video_codec_thread_test\build\kvazaar_lib\x64-debug\kvazaar_lib.tlog\cl.command.1.tlog
c:\users\84038\desktop\video_codec_thread_test\build\kvazaar_lib\x64-debug\kvazaar_lib.tlog\cl.read.1.tlog
c:\users\84038\desktop\video_codec_thread_test\build\kvazaar_lib\x64-debug\kvazaar_lib.tlog\cl.write.1.tlog
c:\users\84038\desktop\video_codec_thread_test\build\kvazaar_lib\x64-debug\kvazaar_lib.tlog\kvazaar_lib.write.1.tlog
c:\users\84038\desktop\video_codec_thread_test\build\kvazaar_lib\x64-debug\kvazaar_lib.tlog\lib-link.read.1.tlog
c:\users\84038\desktop\video_codec_thread_test\build\kvazaar_lib\x64-debug\kvazaar_lib.tlog\lib-link.write.1.tlog
c:\users\84038\desktop\video_codec_thread_test\build\kvazaar_lib\x64-debug\kvazaar_lib.tlog\lib.command.1.tlog
