f:\open_codec_learn_2021\kvazaar-master\build\kvazaar_cli\x64-release\vc142.pdb
f:\open_codec_learn_2021\kvazaar-master\build\kvazaar_cli\x64-release\yuv_io.obj
f:\open_codec_learn_2021\kvazaar-master\build\kvazaar_cli\x64-release\encmain.obj
f:\open_codec_learn_2021\kvazaar-master\build\kvazaar_cli\x64-release\cli.obj
c:\users\84038\desktop\video_codec_thread_test\build\kvazaar_cli\x64-release\vc142.pdb
c:\users\84038\desktop\video_codec_thread_test\build\kvazaar_cli\x64-release\encmain.obj
f:\open_codec_learn_2021\kvazaar-master\bin\x64-release\kvazaar.exe
f:\open_codec_learn_2021\kvazaar-master\build\kvazaar_cli\x64-release\cli.asm
f:\open_codec_learn_2021\kvazaar-master\build\kvazaar_cli\x64-release\encmain.asm
f:\open_codec_learn_2021\kvazaar-master\build\kvazaar_cli\x64-release\yuv_io.asm
f:\open_codec_learn_2021\kvazaar-master\build\kvazaar_cli\x64-release\getopt.asm
f:\open_codec_learn_2021\kvazaar-master\build\kvazaar_cli\x64-release\semaphore.asm
f:\open_codec_learn_2021\kvazaar-master\build\kvazaar_cli\x64-release\pthread.asm
f:\open_codec_learn_2021\kvazaar-master\build\kvazaar_cli\x64-release\kvazaar.asm
f:\open_codec_learn_2021\kvazaar-master\build\kvazaar_cli\x64-release\input_frame_buffer.asm
f:\open_codec_learn_2021\kvazaar-master\build\kvazaar_cli\x64-release\strategies-dct.asm
f:\open_codec_learn_2021\kvazaar-master\build\kvazaar_cli\x64-release\strategies-picture.asm
f:\open_codec_learn_2021\kvazaar-master\build\kvazaar_cli\x64-release\strategies-quant.asm
f:\open_codec_learn_2021\kvazaar-master\build\kvazaar_cli\x64-release\encoder.asm
f:\open_codec_learn_2021\kvazaar-master\build\kvazaar_cli\x64-release\cfg.asm
f:\open_codec_learn_2021\kvazaar-master\build\kvazaar_cli\x64-release\threadqueue.asm
f:\open_codec_learn_2021\kvazaar-master\build\kvazaar_cli\x64-release\strategies-nal.asm
f:\open_codec_learn_2021\kvazaar-master\build\kvazaar_cli\x64-release\image.asm
f:\open_codec_learn_2021\kvazaar-master\build\kvazaar_cli\x64-release\rate_control.asm
f:\open_codec_learn_2021\kvazaar-master\build\kvazaar_cli\x64-release\strategies-ipol.asm
f:\open_codec_learn_2021\kvazaar-master\build\kvazaar_cli\x64-release\strategies-sao.asm
f:\open_codec_learn_2021\kvazaar-master\build\kvazaar_cli\x64-release\strategies-intra.asm
f:\open_codec_learn_2021\kvazaar-master\build\kvazaar_cli\x64-release\strategyselector.asm
f:\open_codec_learn_2021\kvazaar-master\build\kvazaar_cli\x64-release\bitstream.asm
f:\open_codec_learn_2021\kvazaar-master\build\kvazaar_cli\x64-release\strategies-encode.asm
f:\open_codec_learn_2021\kvazaar-master\build\kvazaar_cli\x64-release\encoder_state-bitstream.asm
f:\open_codec_learn_2021\kvazaar-master\build\kvazaar_cli\x64-release\encoder_state-ctors_dtors.asm
f:\open_codec_learn_2021\kvazaar-master\build\kvazaar_cli\x64-release\encoderstate.asm
f:\open_codec_learn_2021\kvazaar-master\build\kvazaar_cli\x64-release\dct-generic.asm
f:\open_codec_learn_2021\kvazaar-master\build\kvazaar_cli\x64-release\dct-avx2.asm
f:\open_codec_learn_2021\kvazaar-master\build\kvazaar_cli\x64-release\picture-sse41.asm
f:\open_codec_learn_2021\kvazaar-master\build\kvazaar_cli\x64-release\picture-altivec.asm
f:\open_codec_learn_2021\kvazaar-master\build\kvazaar_cli\x64-release\picture-x86-asm.asm
f:\open_codec_learn_2021\kvazaar-master\build\kvazaar_cli\x64-release\picture-avx2.asm
f:\open_codec_learn_2021\kvazaar-master\build\kvazaar_cli\x64-release\picture-generic.asm
f:\open_codec_learn_2021\kvazaar-master\build\kvazaar_cli\x64-release\picture-sse2.asm
f:\open_codec_learn_2021\kvazaar-master\build\kvazaar_cli\x64-release\quant-avx2.asm
f:\open_codec_learn_2021\kvazaar-master\build\kvazaar_cli\x64-release\quant-generic.asm
f:\open_codec_learn_2021\kvazaar-master\build\kvazaar_cli\x64-release\scalinglist.asm
f:\open_codec_learn_2021\kvazaar-master\build\kvazaar_cli\x64-release\fast_coeff_cost.asm
f:\open_codec_learn_2021\kvazaar-master\build\kvazaar_cli\x64-release\rdo.asm
f:\open_codec_learn_2021\kvazaar-master\build\kvazaar_cli\x64-release\nal-generic.asm
f:\open_codec_learn_2021\kvazaar-master\build\kvazaar_cli\x64-release\ipol-avx2.asm
f:\open_codec_learn_2021\kvazaar-master\build\kvazaar_cli\x64-release\ipol-generic.asm
f:\open_codec_learn_2021\kvazaar-master\build\kvazaar_cli\x64-release\sao-avx2.asm
f:\open_codec_learn_2021\kvazaar-master\build\kvazaar_cli\x64-release\sao-generic.asm
f:\open_codec_learn_2021\kvazaar-master\build\kvazaar_cli\x64-release\intra-generic.asm
f:\open_codec_learn_2021\kvazaar-master\build\kvazaar_cli\x64-release\intra-avx2.asm
f:\open_codec_learn_2021\kvazaar-master\build\kvazaar_cli\x64-release\encode_coding_tree-generic.asm
f:\open_codec_learn_2021\kvazaar-master\build\kvazaar_cli\x64-release\encode_coding_tree-avx2.asm
f:\open_codec_learn_2021\kvazaar-master\build\kvazaar_cli\x64-release\nal.asm
f:\open_codec_learn_2021\kvazaar-master\build\kvazaar_cli\x64-release\encoder_state-geometry.asm
f:\open_codec_learn_2021\kvazaar-master\build\kvazaar_cli\x64-release\videoframe.asm
f:\open_codec_learn_2021\kvazaar-master\build\kvazaar_cli\x64-release\constraint.asm
f:\open_codec_learn_2021\kvazaar-master\build\kvazaar_cli\x64-release\imagelist.asm
f:\open_codec_learn_2021\kvazaar-master\build\kvazaar_cli\x64-release\context.asm
f:\open_codec_learn_2021\kvazaar-master\build\kvazaar_cli\x64-release\sao.asm
f:\open_codec_learn_2021\kvazaar-master\build\kvazaar_cli\x64-release\encode_coding_tree.asm
f:\open_codec_learn_2021\kvazaar-master\build\kvazaar_cli\x64-release\cabac.asm
f:\open_codec_learn_2021\kvazaar-master\build\kvazaar_cli\x64-release\cu.asm
f:\open_codec_learn_2021\kvazaar-master\build\kvazaar_cli\x64-release\search.asm
f:\open_codec_learn_2021\kvazaar-master\build\kvazaar_cli\x64-release\filter.asm
f:\open_codec_learn_2021\kvazaar-master\build\kvazaar_cli\x64-release\tables.asm
f:\open_codec_learn_2021\kvazaar-master\build\kvazaar_cli\x64-release\transform.asm
f:\open_codec_learn_2021\kvazaar-master\build\kvazaar_cli\x64-release\libmd5.asm
f:\open_codec_learn_2021\kvazaar-master\build\kvazaar_cli\x64-release\ml_intra_cu_depth_pred.asm
f:\open_codec_learn_2021\kvazaar-master\build\kvazaar_cli\x64-release\inter.asm
f:\open_codec_learn_2021\kvazaar-master\build\kvazaar_cli\x64-release\intra.asm
f:\open_codec_learn_2021\kvazaar-master\build\kvazaar_cli\x64-release\search_intra.asm
f:\open_codec_learn_2021\kvazaar-master\build\kvazaar_cli\x64-release\search_inter.asm
f:\open_codec_learn_2021\kvazaar-master\bin\x64-release\kvazaar.pdb
c:\users\84038\desktop\video_codec_thread_test\bin\x64-release\kvazaar.exe
c:\users\84038\desktop\video_codec_thread_test\build\kvazaar_cli\x64-release\encmain.asm
c:\users\84038\desktop\video_codec_thread_test\build\kvazaar_cli\x64-release\threadqueue.asm
c:\users\84038\desktop\video_codec_thread_test\build\kvazaar_cli\x64-release\pthread.asm
c:\users\84038\desktop\video_codec_thread_test\bin\x64-release\kvazaar.pdb
c:\users\84038\desktop\video_codec_thread_test\build\kvazaar_cli\x64-release\cli.obj
c:\users\84038\desktop\video_codec_thread_test\build\kvazaar_cli\x64-release\yuv_io.obj
c:\users\84038\desktop\video_codec_thread_test\build\..\bin\x64-release\kvazaar.pdb
c:\users\84038\desktop\video_codec_thread_test\build\..\bin\x64-release\kvazaar.exe
c:\users\84038\desktop\video_codec_thread_test\build\kvazaar_cli\x64-release\kvazaar_cli.tlog\cl.command.1.tlog
c:\users\84038\desktop\video_codec_thread_test\build\kvazaar_cli\x64-release\kvazaar_cli.tlog\cl.read.1.tlog
c:\users\84038\desktop\video_codec_thread_test\build\kvazaar_cli\x64-release\kvazaar_cli.tlog\cl.write.1.tlog
c:\users\84038\desktop\video_codec_thread_test\build\kvazaar_cli\x64-release\kvazaar_cli.tlog\link.command.1.tlog
c:\users\84038\desktop\video_codec_thread_test\build\kvazaar_cli\x64-release\kvazaar_cli.tlog\link.read.1.tlog
c:\users\84038\desktop\video_codec_thread_test\build\kvazaar_cli\x64-release\kvazaar_cli.tlog\link.write.1.tlog
